  Engine.cpp
     Creating library C:\Users\student-808\Documents\5SD804_BombermanClone2_JAN_PLÄHN\5SD804_BombermanClone_JAN_PLÄHN\Tiberius_v1.08\Engine_2017_Tiberius\Tiberius\\..\Builds\x64\Release\Bomberman 2018.lib and object C:\Users\student-808\Documents\5SD804_BombermanClone2_JAN_PLÄHN\5SD804_BombermanClone_JAN_PLÄHN\Tiberius_v1.08\Engine_2017_Tiberius\Tiberius\\..\Builds\x64\Release\Bomberman 2018.exp
  Generating code
  1 of 1510 functions (<0.1%) were compiled, the rest were copied from previous compilation.
    0 functions were new in current compilation
    3 functions had inline decision re-evaluated but remain unchanged
  Finished generating code
  Tiberius_Engine.vcxproj -> C:\Users\student-808\Documents\5SD804_BombermanClone2_JAN_PLÄHN\5SD804_BombermanClone_JAN_PLÄHN\Tiberius_v1.08\Engine_2017_Tiberius\Tiberius\\..\Builds\x64\Release\Bomberman 2018.exe
  0 File(s) copied
  0 File(s) copied
  0 File(s) copied
  0 File(s) copied
  0 File(s) copied
  0 File(s) copied
  0 File(s) copied
  0 File(s) copied
  0 File(s) copied
  0 File(s) copied
  0 File(s) copied
  0 File(s) copied
  0 File(s) copied
  0 File(s) copied
  0 File(s) copied
  0 File(s) copied
  0 File(s) copied
